2025-06-07 13:25:41 Copied: C:\Users\admin\Downloads\FOR POWERSHELL\backend_ui_server.py to C:\Users\admin\Music\ElaraV2\backend_ui\backend_ui_server.py
2025-06-07 13:25:41 Copied: C:\Users\admin\Downloads\FOR POWERSHELL\DEPLOY_BACKEND_UI.ps1 to C:\Users\admin\Music\ElaraV2\backend_ui\DEPLOY_BACKEND_UI.ps1
2025-06-07 13:25:41 Copied: C:\Users\admin\Downloads\FOR POWERSHELL\elara_config_backend.json to C:\Users\admin\Music\ElaraV2\backend_ui\elara_config_backend.json
2025-06-07 13:25:41 Copied: C:\Users\admin\Downloads\FOR POWERSHELL\index.html to C:\Users\admin\Music\ElaraV2\backend_ui\index.html
2025-06-07 13:25:41 Copied: C:\Users\admin\Downloads\FOR POWERSHELL\RUN_UI_SERVER.ps1 to C:\Users\admin\Music\ElaraV2\backend_ui\RUN_UI_SERVER.ps1
2025-06-07 13:25:41 Copied: C:\Users\admin\Downloads\FOR POWERSHELL\ARCHIVE\config.yaml to C:\Users\admin\Music\ElaraV2\backend_ui\ARCHIVE\config.yaml
2025-06-07 13:25:41 Copied: C:\Users\admin\Downloads\FOR POWERSHELL\ARCHIVE\elara_config.json to C:\Users\admin\Music\ElaraV2\backend_ui\ARCHIVE\elara_config.json
2025-06-07 13:25:41 Copied: C:\Users\admin\Downloads\FOR POWERSHELL\ARCHIVE\inventory_sync.py to C:\Users\admin\Music\ElaraV2\backend_ui\ARCHIVE\inventory_sync.py
2025-06-07 13:25:41 Copied: C:\Users\admin\Downloads\FOR POWERSHELL\ARCHIVE\main.py to C:\Users\admin\Music\ElaraV2\backend_ui\ARCHIVE\main.py
2025-06-07 13:25:41 Copied: C:\Users\admin\Downloads\FOR POWERSHELL\ARCHIVE\modbus_comm.py to C:\Users\admin\Music\ElaraV2\backend_ui\ARCHIVE\modbus_comm.py
2025-06-07 13:25:41 Copied: C:\Users\admin\Downloads\FOR POWERSHELL\ARCHIVE\robot_comm.py to C:\Users\admin\Music\ElaraV2\backend_ui\ARCHIVE\robot_comm.py
2025-06-07 13:25:41 Copied: C:\Users\admin\Downloads\FOR POWERSHELL\ARCHIVE\ROLLBACK_ElaraV2.ps1 to C:\Users\admin\Music\ElaraV2\backend_ui\ARCHIVE\ROLLBACK_ElaraV2.ps1
2025-06-07 13:25:41 Copied: C:\Users\admin\Downloads\FOR POWERSHELL\ARCHIVE\ROLLBACK_ElaraV2_CLEAN.ps1 to C:\Users\admin\Music\ElaraV2\backend_ui\ARCHIVE\ROLLBACK_ElaraV2_CLEAN.ps1
2025-06-07 13:25:41 Copied: C:\Users\admin\Downloads\FOR POWERSHELL\ARCHIVE\test_agent_connectivity.py to C:\Users\admin\Music\ElaraV2\backend_ui\ARCHIVE\test_agent_connectivity.py
2025-06-07 13:25:41 Copied: C:\Users\admin\Downloads\FOR POWERSHELL\ARCHIVE\test_modbus_responses.py to C:\Users\admin\Music\ElaraV2\backend_ui\ARCHIVE\test_modbus_responses.py
2025-06-07 13:25:41 Copied: C:\Users\admin\Downloads\FOR POWERSHELL\ARCHIVE\UPDATE_ElaraV2.ps1 to C:\Users\admin\Music\ElaraV2\backend_ui\ARCHIVE\UPDATE_ElaraV2.ps1
2025-06-07 13:25:41 Copied: C:\Users\admin\Downloads\FOR POWERSHELL\ARCHIVE\UPDATE_ElaraV2_CLEAN.ps1 to C:\Users\admin\Music\ElaraV2\backend_ui\ARCHIVE\UPDATE_ElaraV2_CLEAN.ps1
2025-06-07 13:25:41 Copied: C:\Users\admin\Downloads\FOR POWERSHELL\ARCHIVE\UPDATE_ElaraV2_CLEAN_EXCLUDE_BACKUPS.ps1 to C:\Users\admin\Music\ElaraV2\backend_ui\ARCHIVE\UPDATE_ElaraV2_CLEAN_EXCLUDE_BACKUPS.ps1
2025-06-07 13:25:41 Copied: C:\Users\admin\Downloads\FOR POWERSHELL\ARCHIVE\UPDATE_ElaraV2_FINAL_LOGGED.ps1 to C:\Users\admin\Music\ElaraV2\backend_ui\ARCHIVE\UPDATE_ElaraV2_FINAL_LOGGED.ps1
2025-06-07 13:25:41 Copied: C:\Users\admin\Downloads\FOR POWERSHELL\ARCHIVE\BREW_BIONIC_BACKUP\RESOURCES\COFFEEMACHINE\COMO table fresh coffee machine installation instructions.pdf to C:\Users\admin\Music\ElaraV2\backend_ui\ARCHIVE\BREW_BIONIC_BACKUP\RESOURCES\COFFEEMACHINE\COMO table fresh coffee machine installation instructions.pdf
2025-06-07 13:25:41 Copied: C:\Users\admin\Downloads\FOR POWERSHELL\ARCHIVE\BREW_BIONIC_BACKUP\RESOURCES\COFFEEMACHINE\echoclient-dev.html to C:\Users\admin\Music\ElaraV2\backend_ui\ARCHIVE\BREW_BIONIC_BACKUP\RESOURCES\COFFEEMACHINE\echoclient-dev.html
2025-06-07 13:25:41 Copied: C:\Users\admin\Downloads\FOR POWERSHELL\ARCHIVE\BREW_BIONIC_BACKUP\RESOURCES\COFFEEMACHINE\Fresh milk module automatic cleaning guide V2.pdf to C:\Users\admin\Music\ElaraV2\backend_ui\ARCHIVE\BREW_BIONIC_BACKUP\RESOURCES\COFFEEMACHINE\Fresh milk module automatic cleaning guide V2.pdf
2025-06-07 13:25:41 Copied: C:\Users\admin\Downloads\FOR POWERSHELL\ARCHIVE\BREW_BIONIC_BACKUP\RESOURCES\COFFEEMACHINE\Fresh milk module automatic cleaning guide.pdf to C:\Users\admin\Music\ElaraV2\backend_ui\ARCHIVE\BREW_BIONIC_BACKUP\RESOURCES\COFFEEMACHINE\Fresh milk module automatic cleaning guide.pdf
2025-06-07 13:25:41 Copied: C:\Users\admin\Downloads\FOR POWERSHELL\ARCHIVE\BREW_BIONIC_BACKUP\RESOURCES\COFFEEMACHINE\Fresh milk table fresh coffee machine installation and use instructions.pdf to C:\Users\admin\Music\ElaraV2\backend_ui\ARCHIVE\BREW_BIONIC_BACKUP\RESOURCES\COFFEEMACHINE\Fresh milk table fresh coffee machine installation and use instructions.pdf
2025-06-07 13:25:41 Copied: C:\Users\admin\Downloads\FOR POWERSHELL\ARCHIVE\BREW_BIONIC_BACKUP\RESOURCES\COFFEEMACHINE\http to open Machine Locally.txt to C:\Users\admin\Music\ElaraV2\backend_ui\ARCHIVE\BREW_BIONIC_BACKUP\RESOURCES\COFFEEMACHINE\http to open Machine Locally.txt
2025-06-07 13:25:41 Copied: C:\Users\admin\Downloads\FOR POWERSHELL\ARCHIVE\BREW_BIONIC_BACKUP\RESOURCES\COFFEEMACHINE\Link To Open Coffee Machine Online MQTT.txt to C:\Users\admin\Music\ElaraV2\backend_ui\ARCHIVE\BREW_BIONIC_BACKUP\RESOURCES\COFFEEMACHINE\Link To Open Coffee Machine Online MQTT.txt
2025-06-07 13:25:41 Copied: C:\Users\admin\Downloads\FOR POWERSHELL\ARCHIVE\BREW_BIONIC_BACKUP\RESOURCES\COFFEEMACHINE\Macas Open VMC interface_EN.doc to C:\Users\admin\Music\ElaraV2\backend_ui\ARCHIVE\BREW_BIONIC_BACKUP\RESOURCES\COFFEEMACHINE\Macas Open VMC interface_EN.doc
2025-06-07 13:25:41 Copied: C:\Users\admin\Downloads\FOR POWERSHELL\ARCHIVE\BREW_BIONIC_BACKUP\RESOURCES\COFFEEMACHINE\MacasSoftwareUserManual.pdf to C:\Users\admin\Music\ElaraV2\backend_ui\ARCHIVE\BREW_BIONIC_BACKUP\RESOURCES\COFFEEMACHINE\MacasSoftwareUserManual.pdf
2025-06-07 13:25:41 Copied: C:\Users\admin\Downloads\FOR POWERSHELL\ARCHIVE\BREW_BIONIC_BACKUP\RESOURCES\COFFEEMACHINE\NEW TT +++·¦++˜-¦++-¦+˜-T tabletop machine operating instructions.docx to C:\Users\admin\Music\ElaraV2\backend_ui\ARCHIVE\BREW_BIONIC_BACKUP\RESOURCES\COFFEEMACHINE\NEW TT +++·¦++˜-¦++-¦+˜-T tabletop machine operating instructions.docx
2025-06-07 13:25:41 Copied: C:\Users\admin\Downloads\FOR POWERSHELL\ARCHIVE\BREW_BIONIC_BACKUP\RESOURCES\COFFEEMACHINE\Regular setting of mocha.jpeg to C:\Users\admin\Music\ElaraV2\backend_ui\ARCHIVE\BREW_BIONIC_BACKUP\RESOURCES\COFFEEMACHINE\Regular setting of mocha.jpeg
2025-06-07 13:25:41 Copied: C:\Users\admin\Downloads\FOR POWERSHELL\ARCHIVE\BREW_BIONIC_BACKUP\RESOURCES\COFFEEMACHINE\TT  +S++¦Ñ-+ó.pdf to C:\Users\admin\Music\ElaraV2\backend_ui\ARCHIVE\BREW_BIONIC_BACKUP\RESOURCES\COFFEEMACHINE\TT  +S++¦Ñ-+ó.pdf
2025-06-07 13:25:41 Copied: C:\Users\admin\Downloads\FOR POWERSHELL\ARCHIVE\BREW_BIONIC_BACKUP\RESOURCES\COFFEEMACHINE\Working Test Code.txt to C:\Users\admin\Music\ElaraV2\backend_ui\ARCHIVE\BREW_BIONIC_BACKUP\RESOURCES\COFFEEMACHINE\Working Test Code.txt
2025-06-07 13:25:41 Copied: C:\Users\admin\Downloads\FOR POWERSHELL\ARCHIVE\BREW_BIONIC_BACKUP\RESOURCES\COFFEEPRINTER\Coffee Printer Excel Commands.xlsx to C:\Users\admin\Music\ElaraV2\backend_ui\ARCHIVE\BREW_BIONIC_BACKUP\RESOURCES\COFFEEPRINTER\Coffee Printer Excel Commands.xlsx
2025-06-07 13:25:41 Copied: C:\Users\admin\Downloads\FOR POWERSHELL\ARCHIVE\BREW_BIONIC_BACKUP\RESOURCES\COFFEEPRINTER\WhatsApp Image 2024-03-22 at 2.03.53 PM (1).jpeg to C:\Users\admin\Music\ElaraV2\backend_ui\ARCHIVE\BREW_BIONIC_BACKUP\RESOURCES\COFFEEPRINTER\WhatsApp Image 2024-03-22 at 2.03.53 PM (1).jpeg
2025-06-07 13:25:41 Copied: C:\Users\admin\Downloads\FOR POWERSHELL\ARCHIVE\BREW_BIONIC_BACKUP\RESOURCES\Mi Camera Brew Bionic\Xiaomi Camera  Login Details.txt to C:\Users\admin\Music\ElaraV2\backend_ui\ARCHIVE\BREW_BIONIC_BACKUP\RESOURCES\Mi Camera Brew Bionic\Xiaomi Camera  Login Details.txt
2025-06-07 13:25:41 Copied: C:\Users\admin\Downloads\FOR POWERSHELL\ARCHIVE\BREW_BIONIC_BACKUP\RESOURCES\Secure 56 Camera\Acess Plateform.jpg to C:\Users\admin\Music\ElaraV2\backend_ui\ARCHIVE\BREW_BIONIC_BACKUP\RESOURCES\Secure 56 Camera\Acess Plateform.jpg
2025-06-07 13:25:41 Copied: C:\Users\admin\Downloads\FOR POWERSHELL\ARCHIVE\BREW_BIONIC_BACKUP\RESOURCES\Secure 56 Camera\Bonjour.jpg to C:\Users\admin\Music\ElaraV2\backend_ui\ARCHIVE\BREW_BIONIC_BACKUP\RESOURCES\Secure 56 Camera\Bonjour.jpg
2025-06-07 13:25:41 Copied: C:\Users\admin\Downloads\FOR POWERSHELL\ARCHIVE\BREW_BIONIC_BACKUP\RESOURCES\Secure 56 Camera\Certificate.jpg to C:\Users\admin\Music\ElaraV2\backend_ui\ARCHIVE\BREW_BIONIC_BACKUP\RESOURCES\Secure 56 Camera\Certificate.jpg
2025-06-07 13:25:41 Copied: C:\Users\admin\Downloads\FOR POWERSHELL\ARCHIVE\BREW_BIONIC_BACKUP\RESOURCES\Secure 56 Camera\DDNS.jpg to C:\Users\admin\Music\ElaraV2\backend_ui\ARCHIVE\BREW_BIONIC_BACKUP\RESOURCES\Secure 56 Camera\DDNS.jpg
2025-06-07 13:25:41 Copied: C:\Users\admin\Downloads\FOR POWERSHELL\ARCHIVE\BREW_BIONIC_BACKUP\RESOURCES\Secure 56 Camera\Ethernet Settings.jpg to C:\Users\admin\Music\ElaraV2\backend_ui\ARCHIVE\BREW_BIONIC_BACKUP\RESOURCES\Secure 56 Camera\Ethernet Settings.jpg
2025-06-07 13:25:41 Copied: C:\Users\admin\Downloads\FOR POWERSHELL\ARCHIVE\BREW_BIONIC_BACKUP\RESOURCES\Secure 56 Camera\Main Stream.jpg to C:\Users\admin\Music\ElaraV2\backend_ui\ARCHIVE\BREW_BIONIC_BACKUP\RESOURCES\Secure 56 Camera\Main Stream.jpg
2025-06-07 13:25:41 Copied: C:\Users\admin\Downloads\FOR POWERSHELL\ARCHIVE\BREW_BIONIC_BACKUP\RESOURCES\Secure 56 Camera\Ports.jpg to C:\Users\admin\Music\ElaraV2\backend_ui\ARCHIVE\BREW_BIONIC_BACKUP\RESOURCES\Secure 56 Camera\Ports.jpg
2025-06-07 13:25:41 Copied: C:\Users\admin\Downloads\FOR POWERSHELL\ARCHIVE\BREW_BIONIC_BACKUP\RESOURCES\Secure 56 Camera\Secure 56 Camera Login Details.txt to C:\Users\admin\Music\ElaraV2\backend_ui\ARCHIVE\BREW_BIONIC_BACKUP\RESOURCES\Secure 56 Camera\Secure 56 Camera Login Details.txt
2025-06-07 13:25:41 Copied: C:\Users\admin\Downloads\FOR POWERSHELL\ARCHIVE\BREW_BIONIC_BACKUP\RESOURCES\Secure 56 Camera\server.cer to C:\Users\admin\Music\ElaraV2\backend_ui\ARCHIVE\BREW_BIONIC_BACKUP\RESOURCES\Secure 56 Camera\server.cer
2025-06-07 13:25:41 Copied: C:\Users\admin\Downloads\FOR POWERSHELL\ARCHIVE\BREW_BIONIC_BACKUP\RESOURCES\Secure 56 Camera\Sub Stream 1.jpg to C:\Users\admin\Music\ElaraV2\backend_ui\ARCHIVE\BREW_BIONIC_BACKUP\RESOURCES\Secure 56 Camera\Sub Stream 1.jpg
2025-06-07 13:25:41 Copied: C:\Users\admin\Downloads\FOR POWERSHELL\ARCHIVE\BREW_BIONIC_BACKUP\RESOURCES\Secure 56 Camera\Sub Stream 2.jpg to C:\Users\admin\Music\ElaraV2\backend_ui\ARCHIVE\BREW_BIONIC_BACKUP\RESOURCES\Secure 56 Camera\Sub Stream 2.jpg
2025-06-07 13:25:41 Copied: C:\Users\admin\Downloads\FOR POWERSHELL\ARCHIVE\BREW_BIONIC_BACKUP\RESOURCES\Secure 56 Camera\Wifi Settings.jpg to C:\Users\admin\Music\ElaraV2\backend_ui\ARCHIVE\BREW_BIONIC_BACKUP\RESOURCES\Secure 56 Camera\Wifi Settings.jpg
2025-06-07 13:25:41 Copied: C:\Users\admin\Downloads\FOR POWERSHELL\ARCHIVE\config\config.yaml to C:\Users\admin\Music\ElaraV2\backend_ui\ARCHIVE\config\config.yaml
2025-06-07 13:25:41 Copied: C:\Users\admin\Downloads\FOR POWERSHELL\templates\index.html to C:\Users\admin\Music\ElaraV2\backend_ui\templates\index.html
